<?xml version="1.0" encoding="UTF-8" ?>
<testsuite errors="0" failures="0" hostname="lp-hmanikkothu1" name="DivTest" tests="5" time="0.049" timestamp="2016-03-12T22:57:30">
  <properties>
    <property name="java.runtime.name" value="Java(TM) SE Runtime Environment" />
    <property name="sun.boot.library.path" value="C:\Program Files\Java\jre7\bin" />
    <property name="java.vm.version" value="24.79-b02" />
    <property name="ant.library.dir" value="C:\opt\darn\main\3rdparty\apache-ant-1.7.0\lib" />
    <property name="ant.version" value="Apache Ant version 1.7.0 compiled on December 13 2006" />
    <property name="ant.java.version" value="1.6" />
    <property name="java.vm.vendor" value="Oracle Corporation" />
    <property name="java.vendor.url" value="http://java.oracle.com/" />
    <property name="path.separator" value=";" />
    <property name="java.vm.name" value="Java HotSpot(TM) 64-Bit Server VM" />
    <property name="file.encoding.pkg" value="sun.io" />
    <property name="user.script" value="" />
    <property name="user.country" value="US" />
    <property name="sun.java.launcher" value="SUN_STANDARD" />
    <property name="sun.os.patch.level" value="Service Pack 1" />
    <property name="java.vm.specification.name" value="Java Virtual Machine Specification" />
    <property name="user.dir" value="C:\workspce\JUnitExp" />
    <property name="java.runtime.version" value="1.7.0_79-b15" />
    <property name="java.awt.graphicsenv" value="sun.awt.Win32GraphicsEnvironment" />
    <property name="basedir" value="C:\workspce\JUnitExp" />
    <property name="java.endorsed.dirs" value="C:\Program Files\Java\jre7\lib\endorsed" />
    <property name="os.arch" value="amd64" />
    <property name="java.io.tmpdir" value="C:\Users\HMANIK~1\AppData\Local\Temp\" />
    <property name="ant.core.lib" value="C:\opt\darn\main\3rdparty\apache-ant-1.7.0\lib\ant.jar" />
    <property name="line.separator" value="
" />
    <property name="java.vm.specification.vendor" value="Oracle Corporation" />
    <property name="user.variant" value="" />
    <property name="os.name" value="Windows 7" />
    <property name="ant.home" value="C:\opt\darn\main\3rdparty\apache-ant-1.7.0\bin\.." />
    <property name="ant.project.name" value="Unit Tests" />
    <property name="sun.jnu.encoding" value="Cp1252" />
    <property name="java.library.path" value="C:\Program Files\Java\jre7\bin;C:\Windows\Sun\Java\bin;C:\Windows\system32;C:\Windows;C:\Windows\system32;C:\Windows;C:\Windows\System32\Wbem;C:\Windows\System32\WindowsPowerShell\v1.0\;C:\Program Files\Lenovo\Fingerprint Manager Pro\;C:\Program Files (x86)\Lenovo\Access Connections\;C:\Program Files\Intel\WiFi\bin\;C:\Program Files\Common Files\Intel\WirelessCommon\;C:\Program Files\Perforce;C:\Program Files\Perforce\DVCS\;C:\Program Files (x86)\scala\bin;C:\opt\darn\main\3rdparty\apache-ant-1.7.0\bin;C:\Program Files\Java\jdk1.7.0_79\bin;;." />
    <property name="java.specification.name" value="Java Platform API Specification" />
    <property name="java.class.version" value="51.0" />
    <property name="sun.management.compiler" value="HotSpot 64-Bit Tiered Compilers" />
    <property name="os.version" value="6.1" />
    <property name="ant.file" value="C:\workspce\JUnitExp\build.xml" />
    <property name="user.home" value="C:\Users\hmanikkothu" />
    <property name="user.timezone" value="" />
    <property name="java.awt.printerjob" value="sun.awt.windows.WPrinterJob" />
    <property name="ant.file.Unit Tests" value="C:\workspce\JUnitExp\build.xml" />
    <property name="file.encoding" value="Cp1252" />
    <property name="java.specification.version" value="1.7" />
    <property name="java.class.path" value="C:\workspce\JUnitExp\build;C:\workspce\JUnitExp\lib\hamcrest-core-1.3.jar;C:\workspce\JUnitExp\lib\junit-4.12.jar;C:\opt\darn\main\3rdparty\apache-ant-1.7.0\lib\ant-launcher.jar;C:\opt\darn\main\3rdparty\apache-ant-1.7.0\lib\ant.jar;C:\opt\darn\main\3rdparty\apache-ant-1.7.0\lib\ant-junit.jar" />
    <property name="user.name" value="hmanikkothu" />
    <property name="java.vm.specification.version" value="1.7" />
    <property name="java.home" value="C:\Program Files\Java\jre7" />
    <property name="sun.java.command" value="org.apache.tools.ant.taskdefs.optional.junit.JUnitTestRunner DivTest filtertrace=true haltOnError=false haltOnFailure=false formatter=org.apache.tools.ant.taskdefs.optional.junit.SummaryJUnitResultFormatter showoutput=true outputtoformatters=true logtestlistenerevents=true formatter=org.apache.tools.ant.taskdefs.optional.junit.PlainJUnitResultFormatter formatter=org.apache.tools.ant.taskdefs.optional.junit.XMLJUnitResultFormatter,C:\workspce\JUnitExp\reports\TEST-DivTest.xml crashfile=C:\workspce\JUnitExp\junitvmwatcher449547593.properties propsfile=C:\workspce\JUnitExp\junit667129073.properties" />
    <property name="sun.arch.data.model" value="64" />
    <property name="user.language" value="en" />
    <property name="java.specification.vendor" value="Oracle Corporation" />
    <property name="awt.toolkit" value="sun.awt.windows.WToolkit" />
    <property name="java.vm.info" value="mixed mode" />
    <property name="java.version" value="1.7.0_79" />
    <property name="java.ext.dirs" value="C:\Program Files\Java\jre7\lib\ext;C:\Windows\Sun\Java\lib\ext" />
    <property name="sun.boot.class.path" value="C:\Program Files\Java\jre7\lib\resources.jar;C:\Program Files\Java\jre7\lib\rt.jar;C:\Program Files\Java\jre7\lib\sunrsasign.jar;C:\Program Files\Java\jre7\lib\jsse.jar;C:\Program Files\Java\jre7\lib\jce.jar;C:\Program Files\Java\jre7\lib\charsets.jar;C:\Program Files\Java\jre7\lib\jfr.jar;C:\Program Files\Java\jre7\classes" />
    <property name="java.vendor" value="Oracle Corporation" />
    <property name="file.separator" value="\" />
    <property name="java.vendor.url.bug" value="http://bugreport.sun.com/bugreport/" />
    <property name="sun.cpu.endian" value="little" />
    <property name="sun.io.unicode.encoding" value="UnicodeLittle" />
    <property name="sun.desktop" value="windows" />
    <property name="sun.cpu.isalist" value="amd64" />
  </properties>
  <testcase classname="DivTest" name="testDivIntFail" time="0.002" />
  <testcase classname="DivTest" name="testDivIntPass" time="0.0" />
  <testcase classname="DivTest" name="testDivIntByZero" time="0.0" />
  <testcase classname="DivTest" name="testDivRealByZero" time="0.001" />
  <testcase classname="DivTest" name="testDivRealPass" time="0.001" />
  <system-out><![CDATA[]]></system-out>
  <system-err><![CDATA[]]></system-err>
</testsuite>
